Started by user [8mha:////4Lyer/xoKlTDAJdP5ttaP/XScVu7v6SqJO/pugYZj40oAAAAmR+LCAAAAAAAAP9b85aBtbiIQTGjNKU4P08vOT+vOD8nVc83PyU1x6OyILUoJzMv2y+/JJUBAhiZGBgqihhk0NSjKDWzXb3RdlLBUSYGJk8GtpzUvPSSDB8G5tKinBIGIZ+sxLJE/ZzEvHT94JKizLx0a6BxUmjGOUNodHsLgAz2EgZe/dLi1CL9rNS87My8YgDGtiJjwgAAAA==[0mjenkins
[8mha:////4FTcsXjMWm/DQ8Cc/iw4y8ToVsxZDu7H9Y5Rd9F6RBKKAAAAoh+LCAAAAAAAAP9tjTEOwjAQBM8BClpKHuFItIiK1krDC0x8GCfWnbEdkooX8TX+gCESFVvtrLSa5wtWKcKBo5UdUu8otU4GP9jS5Mixv3geZcdn2TIl9igbHBs2eJyx4YwwR1SwULBGaj0nRzbDRnX6rmuvydanHMu2V1A5c4MHCFXMWcf8hSnC9jqYxPTz/BXAFEIGsfuclm8zQVqFvQAAAA==[0m[Pipeline] Start of Pipeline
[8mha:////4EF5+F5oKF+MKXvbS4o9V+JMPeejoTF+AQz8l7ioQnwPAAAApR+LCAAAAAAAAP9tjTEOwjAUQ3+KOrAycohUghExsUZZOEFIQkgb/d8mKe3EibgadyBQiQlLlmxL1nu+oE4RjhQdby12HpP2vA+jK4lPFLtroIm3dOGaMFGwXNpJkrGnpUrKFhaxClYC1hZ1oOTRZdiIVt1VExS65pxj2Q4CKm8GeAAThZxVzN8yR9jeRpMIf5y/AJj7DGxXvP/86jduZBmjwAAAAA==[0m[Pipeline] node
Running on [8mha:////4KQLqXfkLOIPnRYXt5+WYGckL4gyF4Fk2F+483qku+OTAAAAoR+LCAAAAAAAAP9b85aBtbiIQTGjNKU4P08vOT+vOD8nVc83PyU1x6OyILUoJzMv2y+/JJUBAhiZGBgqihhk0NSjKDWzXb3RdlLBUSYGJk8GtpzUvPSSDB8G5tKinBIGIZ+sxLJE/ZzEvHT94JKizLx0a6BxUmjGOUNodHsLgAz2EgZR/eT83ILSktQifY2k0sycEt3MPE19AHHxbH3KAAAA[0mJenkins in /var/jenkins_home/workspace/shop
[8mha:////4DCcHSvWvQcIT0UIPEfmizm38R+tU1OliIOpq6GB6mbQAAAApR+LCAAAAAAAAP9tjTEOwjAUQ3+KOrAycoh0gA0xsUZZOEFIQkgb/d8mKe3EibgadyBQiQlLlmxL1nu+oE4RjhQdby12HpP2vA+jK4lPFLtroIm3dOGaMFGwXNpJkrGnpUrKFhaxClYC1hZ1oOTRZdiIVt1VExS65pxj2Q4CKm8GeAAThZxVzN8yR9jeRpMIf5y/AJj7DGxXvP/86jfoP95RwAAAAA==[0m[Pipeline] {
[8mha:////4HsggpZpsNPLzZQjoGbcZJtDu3RX1BReV/ssd2KYaVt0AAAApR+LCAAAAAAAAP9tjTEOwjAUQ3+KOrAycoh0gQkxsUZZOEFIQkgb/d8mKe3EibgadyBQiQlLlmxL1nu+oE4RjhQdby12HpP2vA+jK4lPFLtroIm3dOGaMFGwXNpJkrGnpUrKFhaxClYC1hZ1oOTRZdiIVt1VExS65pxj2Q4CKm8GeAAThZxVzN8yR9jeRpMIf5y/AJj7DGxXvP/86jc09154wAAAAA==[0m[Pipeline] withEnv
[8mha:////4FNCKLH5eh8yynrk3fCGPy2rkaBgrbZ7iGUx+CaFzCfhAAAApR+LCAAAAAAAAP9tjTEOwjAUQ3+KOrAycoh0ggUxsUZZOEFIQkgb/d8mKe3EibgadyBQiQlLlmxL1nu+oE4RjhQdby12HpP2vA+jK4lPFLtroIm3dOGaMFGwXNpJkrGnpUrKFhaxClYC1hZ1oOTRZdiIVt1VExS65pxj2Q4CKm8GeAAThZxVzN8yR9jeRpMIf5y/AJj7DGxXvP/86jek7ggRwAAAAA==[0m[Pipeline] {
[8mha:////4B753o+vuZzjuqbG9kpDuzprli5Ou7phnQVHC52zZ8n5AAAApR+LCAAAAAAAAP9tjTEOwjAUQ3+KOrAycoh0gwExsUZZOEFIQkgb/d8mKe3EibgadyBQiQlLlmxL1nu+oE4RjhQdby12HpP2vA+jK4lPFLtroIm3dOGaMFGwXNpJkrGnpUrKFhaxClYC1hZ1oOTRZdiIVt1VExS65pxj2Q4CKm8GeAAThZxVzN8yR9jeRpMIf5y/AJj7DGxXvP/86jcChmMxwAAAAA==[0m[Pipeline] stage
[8mha:////4JiflDXFbBgrOn5juaMO9gsDVtyddTbqe1TC06mXrjc3AAAApR+LCAAAAAAAAP9tjTEOwjAUQ3+KOrAycoh0BAkxsUZZOEFIQkgb/d8mKe3EibgadyBQiQlLlmxL1nu+oE4RjhQdby12HpP2vA+jK4lPFLtroIm3dOGaMFGwXNpJkrGnpUrKFhaxClYC1hZ1oOTRZdiIVt1VExS65pxj2Q4CKm8GeAAThZxVzN8yR9jeRpMIf5y/AJj7DGxXvP/86jfpX/cvwAAAAA==[0m[Pipeline] { (Limpar)
[8mha:////4Ly2S4QRBlC7Gc87HjEnPwWoE444cyyXQEFCBEuyBjjbAAAAoh+LCAAAAAAAAP9tjTEOAiEURD9rLGwtPQTbaoyVLaHxBMgiwpL/WWDdrTyRV/MOEjexcpJJ5k3zXm9Y5wQnSpZ7g73DrB2PYbR18YlSfws0cU9XrgkzBcOlmSR15rygpGJgCWtgJWBjUAfKDm2BrfDqodqg0LaXkup3FNC4boAnMFHNRaXyhTnB7j52mfDn+SuAORZg+9pD/AAeoCAqvAAAAA==[0m[Pipeline] cleanWs
[WS-CLEANUP] Deleting project workspace...
[WS-CLEANUP] Deferred wipeout is used...
[WS-CLEANUP] done
[8mha:////4CqKH97QIwVcM3veXICRUq3sUj5dRzgciq1C220VPkIaAAAAox+LCAAAAAAAAP9tjTEOwjAQBDdBFLSUPMKBDglR0VppeIFJjHFi3QX7QlLxIr7GH4iIRMVWO9PM641lijhydKqx1HpKlVdd6N301MCxvQYeVMMXVTElDlaVdii5tqcZSxaLeVmOhcbKUhU4eXKCtW7MwxTBkCvOEid30Mh9fccTmZ7KYqJ8YYzY3Po6Mf06fwMYu06Q77aCbP8Brmfz270AAAA=[0m[Pipeline] }
[8mha:////4JZA71M1TvQMHS3m3F3K+OjxZHOuRGg4D9oJ4K0SzhHtAAAAox+LCAAAAAAAAP9tjTESgjAQRT84FraWHiIMlYVjZZuh8QQRYgxkdjFZhMoTeTXvICMzVv7qv9e81xvrFHHk6FRrqfOUaq/6MLj5qZFjdw08qpYvqmZKHKyq7FhxY08LViwWy7IcK42NpTpw8uQEW92ahymCIVecJc7uoJH75o4nMj2XxUT5whSxuw1NYvp1/gYw9b0gL0tBtv8Aj1Msdr0AAAA=[0m[Pipeline] // stage
[8mha:////4IZKvnziQOWyG5l9t3yn0hGvlJPHcre7Y89OhC97vC5AAAAAph+LCAAAAAAAAP9tjTEOwjAQBM9BKWgpeYQjKGgQFa3lhheY2Bgn1l2wLyQVL+Jr/IFAJCq22llpNc8XlDnBgZKXjcM2YK6D7GLvpyYHSu0l0iAbOsuaMFN0UrtBk3XHGTWxgzmigIWCpcM6Ug7oGVaqMXdTRYO+OnGatr2CItgbPECoycwm8RfGBOtrbzPhz/NXAGPHIHYMxWb7OZZvfPyORMEAAAA=[0m[Pipeline] stage
[8mha:////4FY6DIcMof+TJzZSZOeBhmYdpnwTnAuRQ/3vaqcYKbUiAAAAph+LCAAAAAAAAP9tjTEOwjAUQ3+LOrAycohUwIiYukZZOEFoQkgb/V9+UtqJE3E17kBLJSY8WLYl673eUESGE7ETjcXWY6y96ELvpiQG4vYaaBANXURNGClYoeygyNhqqYqShUVZDisJa4t1oOjRJdjIRj90GTS68px42o4Scm/u8IRMTuSkOX3LyLC99SYS/jh/ATB2CfLdfrbD/Cw+y7kUycIAAAA=[0m[Pipeline] { (Checkout)
[8mha:////4ClTZq+6yn+1iceioL3uaG0PkjMkBjCHQKHYuucufybTAAAApB+LCAAAAAAAAP9tjTEOwjAQBC9BFLSUPOIiBB2iSmu54QUmNsaJdWdsh6TiRXyNPxCIRMUWq51t5vmCZYpw5GixNdQ5So3D4Hs7LRw4dhfPA7Z8xoYpsTcozSBZm3pGydnAnKKEhYCVocZzcmQzrEWr7qryimx1ynH6DgJKp2/wgEJM5qxi/sIYYXPtdWL6ef4KYAwZyu3uU/vwBgq0rvS+AAAA[0m[Pipeline] git
The recommended git tool is: NONE
No credentials specified
Cloning the remote Git repository
Cloning repository https://github.com/JoelPereira1/project.git
 > git init /var/jenkins_home/workspace/shop # timeout=10
Fetching upstream changes from https://github.com/JoelPereira1/project.git
 > git --version # timeout=10
 > git --version # 'git version 2.43.0'
 > git fetch --tags --force --progress -- https://github.com/JoelPereira1/project.git +refs/heads/*:refs/remotes/origin/* # timeout=10
 > git config remote.origin.url https://github.com/JoelPereira1/project.git # timeout=10
 > git config --add remote.origin.fetch +refs/heads/*:refs/remotes/origin/* # timeout=10
Avoid second fetch
 > git rev-parse refs/remotes/origin/dev^{commit} # timeout=10
Checking out Revision 6eda6b059e43f8b6a95e89e57453df5893329c61 (refs/remotes/origin/dev)
 > git config core.sparsecheckout # timeout=10
 > git checkout -f 6eda6b059e43f8b6a95e89e57453df5893329c61 # timeout=10
 > git branch -a -v --no-abbrev # timeout=10
 > git checkout -b dev 6eda6b059e43f8b6a95e89e57453df5893329c61 # timeout=10
Commit message: "try different port"
 > git rev-list --no-walk 6eda6b059e43f8b6a95e89e57453df5893329c61 # timeout=10
[8mha:////4GbzA4pgzLA7nZ+RndRSfU9FYPckH6usnEoeC14rb4g8AAAApB+LCAAAAAAAAP9tjTEOwjAQBC9BFLSUPOIihKgQVVrLDS8wsTFOrDtjOyQVL+Jr/IFAJCq2WO1sM88XLFOEI0eLraHOUWocBt/baeHAsbt4HrDlMzZMib1BaQbJ2tQzSs4G5hQlLASsDDWekyObYS1adVeVV2SrU47TdxBQOn2DBxRiMmcV8xfGCJtrrxPTz/NXAGMIGcrt/lO7N7BnLt++AAAA[0m[Pipeline] }
[8mha:////4AYA2qv8Z5pb5a3bdNFTJKkovOIJNFQtWpWrq9pz96pxAAAApB+LCAAAAAAAAP9tjTEOwjAQBC9BFLSUPOIiKGgQVVrLDS8wsTFOrDtjOyQVL+Jr/IFAJCq2WO1sM88XLFOEI0eLraHOUWocBt/baeHAsbt4HrDlMzZMib1BaQbJ2tQzSs4G5hQlLASsDDWekyObYS1adVeVV2SrU47TdxBQOn2DBxRiMmcV8xfGCJtrrxPTz/NXAGMIGcrt/lO7N4glvS6+AAAA[0m[Pipeline] // stage
[8mha:////4PitqR/QQr76I9TqSip5xtgAMdOkBlTPPGXipy40qNswAAAAph+LCAAAAAAAAP9tjTEOwjAQBM9BKWgpeYQjGigQFa3lhheY2Bgn1l2wLyQVL+Jr/IFAJCq22llpNc8XlDnBgZKXjcM2YK6D7GLvpyYHSu0l0iAbOsuaMFN0UrtBk3XHGTWxgzmigIWCpcM6Ug7oGVaqMXdTRYO+OnGatr2CItgbPECoycwm8RfGBOtrbzPhz/NXAGPHILYMxWb3OZZvz21DFMEAAAA=[0m[Pipeline] stage
[8mha:////4Nt3Pg399f3xb+KY0H5ZJXlFzxAjVBhp3BqkIRKxlZepAAAApx+LCAAAAAAAAP9tjTEOwjAUQ3+LOrAycohUTCAhpq5RFk4QmhDSRv+Xn5R24kRcjTvQUokJD5ZtyXqvNxSR4UTsRGOx9RhrL7rQuymJgbi9BhpEQxdRE0YKVig7KDK2WqqiZGFRlsNKwtpiHSh6dAk2stEPXQaNrjwnnrajhNybOzwhkxM5aU7fMjJsb72JhD/OXwCMXYJ8t5/tMD+LD0rlhNLCAAAA[0m[Pipeline] { (Building image)
[8mha:////4GFl8+dgQoQbIT/GiBSPG5024RKwZhgapI+9wbz4yFhfAAAApx+LCAAAAAAAAP9tjTEOwjAUQ3+LOrAycohUbCDE1DXKwglCE0La6P/yk9JOnIircQdaKjHhwbItWe/1hiIynIidaCy2HmPtRRd6NyUxELfXQINo6CJqwkjBCmUHRcZWS1WULCzKclhJWFusA0WPLsFGNvqhy6DRlefE03aUkHtzhydkciInzelbRobtrTeR8Mf5C4CxS5Dv9rMd5mfxASnCIIrCAAAA[0m[Pipeline] script
[8mha:////4KHlLPLKp+Rlt8kH8Dt/pv8hP6b/P7Vpc2EUHOdxquHlAAAApx+LCAAAAAAAAP9tjTEOwjAUQ3+LOrAycogU2BDqxBp14QShCSFp9H9JUtKJE3E17kCgEhMeLNuS9Z4vqIKHhrxmVmFvMHSGDW7UObFEvr84SszSmXWEgZxirUotSXWca0tRwayihAWHpcLOUTCoI6y4FXdRO4G6PkWftwOH0sgbPKDgmRyFj98yeVhfRxkIf5y/AJiGCOV2n223+TyrN7xWSV3CAAAA[0m[Pipeline] {
[8mha:////4C/cTvDKTQcahNZKd+nMuLwXvtjHYo7iPddDiTAdTpqZAAAAox+LCAAAAAAAAP9tjTEOwjAQBC9BFLSUPOICtIgqreWGF5jYGCfWnbEdkooX8TX+QCASFVusdraZ5wuWKcKRo8XWUOcoNQ6D7+20cODYXTwP2PIZG6bE3qA0g2Rt6hklZwNzihIWAlaGGs/Jkc2wFq26q8orstUpx+k7CCidvsEDCjGZs4r5C2OEzbXXienn+SuAMWQo99tP7cIbaOP4NL4AAAA=[0m[Pipeline] sh
+ python3 -m venv .venv
[8mha:////4O4mD/YIvHlz2yoz8JG10F3GvCfdw0ZhN7JNXXFBHmN5AAAAox+LCAAAAAAAAP9tjTEOwjAQBC9BFLSUPOKC0iIqWisNLzCJMXasO8d2cCpexNf4A4FIVGyx2tlmni9YxwBHDhqtot5QbA16N+p5YebQXx1ntHzBlimyU9io3HCnTgs2nBQsKUpYCdgoah1HQzrBVlh5l5WTpKtzCvN3EFCaboAHFGI2JxnSF6YAu9vYRaaf568AJp+grPefqv0bq7DVH74AAAA=[0m[Pipeline] sh
+ source .venv/bin/activate
+ deactivate nondestructive
+ '[' -n  ]
+ '[' -n  ]
+ hash -r
+ '[' -n  ]
+ unset VIRTUAL_ENV
+ unset VIRTUAL_ENV_PROMPT
+ '[' '!' nondestructive '=' nondestructive ]
+ VIRTUAL_ENV=/var/jenkins_home/workspace/shop/.venv
+ export VIRTUAL_ENV
+ _OLD_VIRTUAL_PATH=/opt/java/openjdk/bin:/usr/local/sbin:/usr/local/bin:/usr/sbin:/usr/bin:/sbin:/bin
+ PATH=/var/jenkins_home/workspace/shop/.venv/bin:/opt/java/openjdk/bin:/usr/local/sbin:/usr/local/bin:/usr/sbin:/usr/bin:/sbin:/bin
+ export PATH
+ '[' -n  ]
+ '[' -z  ]
+ _OLD_VIRTUAL_PS1='\w \$ '
+ PS1='(.venv) \w \$ '
+ export PS1
+ VIRTUAL_ENV_PROMPT='(.venv) '
+ export VIRTUAL_ENV_PROMPT
+ hash -r
[8mha:////4KWXRpqvxk0cxxJ0YTpwmran42BJWMTdTLTQCPAh9u/eAAAAox+LCAAAAAAAAP9tjTEOwjAQBC9BFLSUPOKCoERUaS03vMDExjix7oztkFS8iK/xBwKRqNhitbPNPF+wTBGOHC22hjpHqXEYfG+nhQPH7uJ5wJbP2DAl9galGSRrU88oORuYU5SwELAy1HhOjmyGtWjVXVVeka1OOU7fQUDp9A0eUIjJnFXMXxgjbK69Tkw/z18BjCFDudt+ah/e6oHOBr4AAAA=[0m[Pipeline] sh
+ docker compose -f docker-compose-ci.yml up -d --build --remove-orphans
#0 building with "default" instance using docker driver

#1 [flowershop internal] load build definition from dockerfile
#1 transferring dockerfile:
#1 transferring dockerfile: 2.04kB 0.0s done
#1 DONE 0.1s

#2 [flowershop internal] load metadata for docker.io/library/python:3.10
#2 DONE 1.2s

#3 [flowershop internal] load .dockerignore
#3 transferring context: 3.37kB 0.0s done
#3 DONE 0.1s

#4 [flowershop 1/7] FROM docker.io/library/python:3.10@sha256:817c0d8684087acb6d88f0f0951f9a541aa3e762302aa5e8f439d5d12edd48ad
#4 DONE 0.0s

#5 [flowershop internal] load build context
#5 transferring context: 110.89MB 5.0s
#5 transferring context: 185.55MB 10.1s
#5 transferring context: 226.52MB 15.2s
#5 transferring context: 313.25MB 20.3s
#5 transferring context: 407.89MB 25.3s
#5 transferring context: 471.95MB 30.3s
#5 transferring context: 524.42MB 35.3s
#5 transferring context: 542.08MB 40.4s
#5 transferring context: 544.43MB 41.1s done
#5 DONE 41.2s

#6 [flowershop 2/7] WORKDIR /app
#6 CACHED

#7 [flowershop 3/7] COPY . .
#7 DONE 3.7s

#8 [flowershop 4/7] RUN pip install --trusted-host pypi.org --trusted-host files.pythonhosted.org --upgrade pip
#8 2.436 Requirement already satisfied: pip in /usr/local/lib/python3.10/site-packages (23.0.1)
#8 2.713 Collecting pip
#8 2.947   Downloading pip-24.0-py3-none-any.whl (2.1 MB)
#8 3.242      â”â”â”â”â”â”â”â”â”â”â”â”â”â”â”â”â”â”â”â”â”â”â”â”â”â”â”â”â”â”â”â”â”â”â”â”â”â”â”â” 2.1/2.1 MB 7.3 MB/s eta 0:00:00
#8 3.316 Installing collected packages: pip
#8 3.317   Attempting uninstall: pip
#8 3.319     Found existing installation: pip 23.0.1
#8 3.493     Uninstalling pip-23.0.1:
#8 3.832       Successfully uninstalled pip-23.0.1
#8 5.034 Successfully installed pip-24.0
#8 5.035 WARNING: Running pip as the 'root' user can result in broken permissions and conflicting behaviour with the system package manager. It is recommended to use a virtual environment instead: https://pip.pypa.io/warnings/venv
#8 DONE 5.5s

#9 [flowershop 5/7] RUN pip install --trusted-host pypi.org --trusted-host files.pythonhosted.org --no-cache-dir -r requirements.txt
#9 1.163 Collecting alembic==1.13.1 (from -r requirements.txt (line 1))
#9 1.310   Downloading alembic-1.13.1-py3-none-any.whl.metadata (7.4 kB)
#9 1.361 Collecting argon2-cffi==23.1.0 (from -r requirements.txt (line 2))
#9 1.392   Downloading argon2_cffi-23.1.0-py3-none-any.whl.metadata (5.2 kB)
#9 1.432 Collecting argon2-cffi-bindings==21.2.0 (from -r requirements.txt (line 3))
#9 1.466   Downloading argon2_cffi_bindings-21.2.0-cp36-abi3-manylinux_2_17_x86_64.manylinux2014_x86_64.whl.metadata (6.7 kB)
#9 1.527 Collecting arrow==1.3.0 (from -r requirements.txt (line 4))
#9 1.558   Downloading arrow-1.3.0-py3-none-any.whl.metadata (7.5 kB)
#9 1.594 Collecting async-timeout==4.0.3 (from -r requirements.txt (line 5))
#9 1.626   Downloading async_timeout-4.0.3-py3-none-any.whl.metadata (4.2 kB)
#9 1.708 Collecting bcrypt==4.1.2 (from -r requirements.txt (line 6))
#9 1.740   Downloading bcrypt-4.1.2-cp39-abi3-manylinux_2_28_x86_64.whl.metadata (9.5 kB)
#9 1.779 Collecting bidict==0.23.1 (from -r requirements.txt (line 7))
#9 1.813   Downloading bidict-0.23.1-py3-none-any.whl.metadata (8.7 kB)
#9 1.844 Collecting blinker==1.7.0 (from -r requirements.txt (line 8))
#9 1.876   Downloading blinker-1.7.0-py3-none-any.whl.metadata (1.9 kB)
#9 1.911 Collecting Bootstrap-Flask==2.4.0 (from -r requirements.txt (line 9))
#9 1.942   Downloading Bootstrap_Flask-2.4.0-py3-none-any.whl.metadata (6.0 kB)
#9 1.992 Collecting certifi==2024.2.2 (from -r requirements.txt (line 10))
#9 2.025   Downloading certifi-2024.2.2-py3-none-any.whl.metadata (2.2 kB)
#9 2.217 Collecting cffi==1.16.0 (from -r requirements.txt (line 11))
#9 2.249   Downloading cffi-1.16.0-cp310-cp310-manylinux_2_17_x86_64.manylinux2014_x86_64.whl.metadata (1.5 kB)
#9 2.372 Collecting charset-normalizer==3.3.2 (from -r requirements.txt (line 12))
#9 2.412   Downloading charset_normalizer-3.3.2-cp310-cp310-manylinux_2_17_x86_64.manylinux2014_x86_64.whl.metadata (33 kB)
#9 2.474 Collecting click==8.1.7 (from -r requirements.txt (line 13))
#9 2.505   Downloading click-8.1.7-py3-none-any.whl.metadata (3.0 kB)
#9 3.020 Collecting coverage==7.4.4 (from -r requirements.txt (line 14))
#9 3.055   Downloading coverage-7.4.4-cp310-cp310-manylinux_2_5_x86_64.manylinux1_x86_64.manylinux_2_17_x86_64.manylinux2014_x86_64.whl.metadata (8.2 kB)
#9 3.091 Collecting dnspython==2.6.1 (from -r requirements.txt (line 15))
#9 3.122   Downloading dnspython-2.6.1-py3-none-any.whl.metadata (5.8 kB)
#9 3.170 Collecting dominate==2.9.1 (from -r requirements.txt (line 16))
#9 3.206   Downloading dominate-2.9.1-py2.py3-none-any.whl.metadata (13 kB)
#9 3.254 Collecting elastic-transport==8.11.0 (from -r requirements.txt (line 17))
#9 3.288   Downloading elastic_transport-8.11.0-py3-none-any.whl.metadata (3.5 kB)
#9 3.387 Collecting elasticsearch==8.11.1 (from -r requirements.txt (line 18))
#9 3.418   Downloading elasticsearch-8.11.1-py3-none-any.whl.metadata (5.4 kB)
#9 3.469 Collecting elasticsearch-dsl==8.11.0 (from -r requirements.txt (line 19))
#9 3.504   Downloading elasticsearch_dsl-8.11.0-py3-none-any.whl.metadata (10 kB)
#9 3.548 Collecting email_validator==2.1.1 (from -r requirements.txt (line 20))
#9 3.579   Downloading email_validator-2.1.1-py3-none-any.whl.metadata (26 kB)
#9 3.627 Collecting exceptiongroup==1.2.0 (from -r requirements.txt (line 21))
#9 3.659   Downloading exceptiongroup-1.2.0-py3-none-any.whl.metadata (6.6 kB)
#9 3.889 Collecting Faker==24.11.0 (from -r requirements.txt (line 22))
#9 3.920   Downloading Faker-24.11.0-py3-none-any.whl.metadata (15 kB)
#9 3.974 Collecting Flask==3.0.3 (from -r requirements.txt (line 23))
#9 4.009   Downloading flask-3.0.3-py3-none-any.whl.metadata (3.2 kB)
#9 4.037 Collecting Flask-Bcrypt==1.0.1 (from -r requirements.txt (line 24))
#9 4.072   Downloading Flask_Bcrypt-1.0.1-py3-none-any.whl.metadata (2.6 kB)
#9 4.099 Collecting Flask-Bootstrap4==4.0.2 (from -r requirements.txt (line 25))
#9 4.130   Downloading Flask_Bootstrap4-4.0.2-py3-none-any.whl.metadata (1.6 kB)
#9 4.162 Collecting Flask-Helper==2.1.1 (from -r requirements.txt (line 26))
#9 4.192   Downloading Flask-Helper-2.1.1.tar.gz (12 kB)
#9 4.209   Preparing metadata (setup.py): started
#9 4.791   Preparing metadata (setup.py): finished with status 'done'
#9 4.817 Collecting Flask-Login==0.6.3 (from -r requirements.txt (line 27))
#9 4.849   Downloading Flask_Login-0.6.3-py3-none-any.whl.metadata (5.8 kB)
#9 4.892 Collecting Flask-Migrate==4.0.7 (from -r requirements.txt (line 28))
#9 4.931   Downloading Flask_Migrate-4.0.7-py3-none-any.whl.metadata (3.1 kB)
#9 4.963 Collecting Flask-Minio==0.1.2 (from -r requirements.txt (line 29))
#9 4.996   Downloading Flask_Minio-0.1.2-py3-none-any.whl.metadata (2.7 kB)
#9 5.027 Collecting Flask-Script==2.0.6 (from -r requirements.txt (line 30))
#9 5.064   Downloading Flask-Script-2.0.6.tar.gz (43 kB)
#9 5.083      â”â”â”â”â”â”â”â”â”â”â”â”â”â”â”â”â”â”â”â”â”â”â”â”â”â”â”â”â”â”â”â”â”â”â”â”â”â”â”â” 43.1/43.1 kB 2.6 MB/s eta 0:00:00
#9 5.098   Preparing metadata (setup.py): started
#9 5.380   Preparing metadata (setup.py): finished with status 'done'
#9 5.425 Collecting Flask-SocketIO==5.3.6 (from -r requirements.txt (line 31))
#9 5.456   Downloading Flask_SocketIO-5.3.6-py3-none-any.whl.metadata (2.6 kB)
#9 5.494 Collecting Flask-SQLAlchemy==3.1.1 (from -r requirements.txt (line 32))
#9 5.523   Downloading flask_sqlalchemy-3.1.1-py3-none-any.whl.metadata (3.4 kB)
#9 5.553 Collecting Flask-Testing==0.8.1 (from -r requirements.txt (line 33))
#9 5.589   Downloading Flask-Testing-0.8.1.tar.gz (45 kB)
#9 5.608      â”â”â”â”â”â”â”â”â”â”â”â”â”â”â”â”â”â”â”â”â”â”â”â”â”â”â”â”â”â”â”â”â”â”â”â”â”â”â”â” 45.2/45.2 kB 2.8 MB/s eta 0:00:00
#9 5.622   Preparing metadata (setup.py): started
#9 5.899   Preparing metadata (setup.py): finished with status 'done'
#9 5.938 Collecting Flask-WTF==1.2.1 (from -r requirements.txt (line 34))
#9 5.970   Downloading flask_wtf-1.2.1-py3-none-any.whl.metadata (3.4 kB)
#9 6.223 Collecting greenlet==3.0.3 (from -r requirements.txt (line 35))
#9 6.254   Downloading greenlet-3.0.3-cp310-cp310-manylinux_2_24_x86_64.manylinux_2_28_x86_64.whl.metadata (3.8 kB)
#9 6.282 Collecting h11==0.14.0 (from -r requirements.txt (line 36))
#9 6.313   Downloading h11-0.14.0-py3-none-any.whl.metadata (8.2 kB)
#9 6.348 Collecting idna==3.7 (from -r requirements.txt (line 37))
#9 6.380   Downloading idna-3.7-py3-none-any.whl.metadata (9.9 kB)
#9 6.418 Collecting infisical==1.6.0 (from -r requirements.txt (line 38))
#9 6.450   Downloading infisical-1.6.0-py3-none-any.whl.metadata (13 kB)
#9 6.681 Collecting infisical-python==2.1.9 (from -r requirements.txt (line 39))
#9 6.714   Downloading infisical_python-2.1.9-cp310-cp310-manylinux_2_28_x86_64.whl.metadata (2.0 kB)
#9 6.744 Collecting iniconfig==2.0.0 (from -r requirements.txt (line 40))
#9 6.776   Downloading iniconfig-2.0.0-py3-none-any.whl.metadata (2.6 kB)
#9 6.812 Collecting itsdangerous==2.2.0 (from -r requirements.txt (line 41))
#9 6.842   Downloading itsdangerous-2.2.0-py3-none-any.whl.metadata (1.9 kB)
#9 6.887 Collecting Jinja2==3.1.3 (from -r requirements.txt (line 42))
#9 6.918   Downloading Jinja2-3.1.3-py3-none-any.whl.metadata (3.3 kB)
#9 6.947 Collecting libgravatar==1.0.4 (from -r requirements.txt (line 43))
#9 6.981   Downloading libgravatar-1.0.4-py2.py3-none-any.whl.metadata (3.9 kB)
#9 7.010 Collecting looseversion==1.3.0 (from -r requirements.txt (line 44))
#9 7.042   Downloading looseversion-1.3.0-py2.py3-none-any.whl.metadata (4.6 kB)
#9 7.088 Collecting Mako==1.3.3 (from -r requirements.txt (line 45))
#9 7.122   Downloading Mako-1.3.3-py3-none-any.whl.metadata (2.9 kB)
#9 7.226 Collecting MarkupSafe==2.1.5 (from -r requirements.txt (line 46))
#9 7.258   Downloading MarkupSafe-2.1.5-cp310-cp310-manylinux_2_17_x86_64.manylinux2014_x86_64.whl.metadata (3.0 kB)
#9 7.325 Collecting minio==7.2.7 (from -r requirements.txt (line 47))
#9 7.364   Downloading minio-7.2.7-py3-none-any.whl.metadata (6.4 kB)
#9 7.419 Collecting packaging==24.0 (from -r requirements.txt (line 48))
#9 7.456   Downloading packaging-24.0-py3-none-any.whl.metadata (3.2 kB)
#9 7.551 Collecting phonenumbers==8.13.34 (from -r requirements.txt (line 49))
#9 7.585   Downloading phonenumbers-8.13.34-py2.py3-none-any.whl.metadata (11 kB)
#9 7.626 Collecting pluggy==1.4.0 (from -r requirements.txt (line 50))
#9 7.659   Downloading pluggy-1.4.0-py3-none-any.whl.metadata (4.3 kB)
#9 7.715 Collecting psycopg==3.1.18 (from -r requirements.txt (line 51))
#9 7.749   Downloading psycopg-3.1.18-py3-none-any.whl.metadata (4.2 kB)
#9 7.845 Collecting psycopg2==2.9.9 (from -r requirements.txt (line 52))
#9 7.876   Downloading psycopg2-2.9.9.tar.gz (384 kB)
#9 8.030      â”â”â”â”â”â”â”â”â”â”â”â”â”â”â”â”â”â”â”â”â”â”â”â”â”â”â”â”â”â”â”â”â”â”â”â”â”â”â” 384.9/384.9 kB 2.6 MB/s eta 0:00:00
#9 8.141   Preparing metadata (setup.py): started
#9 8.481   Preparing metadata (setup.py): finished with status 'done'
#9 8.599 Collecting psycopg2-binary==2.9.9 (from -r requirements.txt (line 53))
#9 8.630   Downloading psycopg2_binary-2.9.9-cp310-cp310-manylinux_2_17_x86_64.manylinux2014_x86_64.whl.metadata (4.4 kB)
#9 8.663 Collecting pycparser==2.22 (from -r requirements.txt (line 54))
#9 8.695   Downloading pycparser-2.22-py3-none-any.whl.metadata (943 bytes)
#9 8.951 Collecting pycryptodome==3.20.0 (from -r requirements.txt (line 55))
#9 8.985   Downloading pycryptodome-3.20.0-cp35-abi3-manylinux_2_17_x86_64.manylinux2014_x86_64.whl.metadata (3.4 kB)
#9 9.198 Collecting pycryptodomex==3.20.0 (from -r requirements.txt (line 56))
#9 9.232   Downloading pycryptodomex-3.20.0-cp35-abi3-manylinux_2_17_x86_64.manylinux2014_x86_64.whl.metadata (3.4 kB)
#9 9.469 Collecting pydantic==1.10.15 (from -r requirements.txt (line 57))
#9 9.502   Downloading pydantic-1.10.15-cp310-cp310-manylinux_2_17_x86_64.manylinux2014_x86_64.whl.metadata (150 kB)
#9 9.552      â”â”â”â”â”â”â”â”â”â”â”â”â”â”â”â”â”â”â”â”â”â”â”â”â”â”â”â”â”â”â”â”â”â”â”â”â”â”â” 150.6/150.6 kB 3.2 MB/s eta 0:00:00
#9 9.607 Collecting PyNaCl==1.5.0 (from -r requirements.txt (line 58))
#9 9.651   Downloading PyNaCl-1.5.0-cp36-abi3-manylinux_2_17_x86_64.manylinux2014_x86_64.manylinux_2_24_x86_64.whl.metadata (8.6 kB)
#9 9.760 Collecting pytest==8.1.1 (from -r requirements.txt (line 59))
#9 9.793   Downloading pytest-8.1.1-py3-none-any.whl.metadata (7.6 kB)
#9 9.845 Collecting pytest-cov==5.0.0 (from -r requirements.txt (line 60))
#9 9.876   Downloading pytest_cov-5.0.0-py3-none-any.whl.metadata (27 kB)
#9 9.934 Collecting python-dateutil==2.9.0.post0 (from -r requirements.txt (line 61))
#9 9.971   Downloading python_dateutil-2.9.0.post0-py2.py3-none-any.whl.metadata (8.4 kB)
#9 10.01 Collecting python-dotenv==1.0.1 (from -r requirements.txt (line 62))
#9 10.05   Downloading python_dotenv-1.0.1-py3-none-any.whl.metadata (23 kB)
#9 10.22 Collecting python-engineio==4.9.0 (from -r requirements.txt (line 63))
#9 10.25   Downloading python_engineio-4.9.0-py3-none-any.whl.metadata (2.2 kB)
#9 10.30 Collecting python-socketio==5.11.2 (from -r requirements.txt (line 64))
#9 10.34   Downloading python_socketio-5.11.2-py3-none-any.whl.metadata (3.2 kB)
#9 10.42 Collecting redis==5.0.3 (from -r requirements.txt (line 65))
#9 10.45   Downloading redis-5.0.3-py3-none-any.whl.metadata (9.3 kB)
#9 10.52 Collecting requests==2.31.0 (from -r requirements.txt (line 66))
#9 10.55   Downloading requests-2.31.0-py3-none-any.whl.metadata (4.6 kB)
#9 10.61 Collecting rethinkdb==2.4.10.post1 (from -r requirements.txt (line 67))
#9 10.65   Downloading rethinkdb-2.4.10.post1-py2.py3-none-any.whl.metadata (9.3 kB)
#9 10.69 Collecting simple-websocket==1.0.0 (from -r requirements.txt (line 68))
#9 10.72   Downloading simple_websocket-1.0.0-py3-none-any.whl.metadata (1.3 kB)
#9 10.76 Collecting six==1.16.0 (from -r requirements.txt (line 69))
#9 10.80   Downloading six-1.16.0-py2.py3-none-any.whl.metadata (1.8 kB)
#9 11.35 Collecting SQLAlchemy==2.0.29 (from -r requirements.txt (line 70))
#9 11.38   Downloading SQLAlchemy-2.0.29-cp310-cp310-manylinux_2_17_x86_64.manylinux2014_x86_64.whl.metadata (9.6 kB)
#9 11.42 Collecting tomli==2.0.1 (from -r requirements.txt (line 71))
#9 11.45   Downloading tomli-2.0.1-py3-none-any.whl.metadata (8.9 kB)
#9 11.51 Collecting types-python-dateutil==2.9.0.20240316 (from -r requirements.txt (line 72))
#9 11.54   Downloading types_python_dateutil-2.9.0.20240316-py3-none-any.whl.metadata (1.8 kB)
#9 11.59 Collecting typing_extensions==4.11.0 (from -r requirements.txt (line 73))
#9 11.63   Downloading typing_extensions-4.11.0-py3-none-any.whl.metadata (3.0 kB)
#9 11.72 Collecting urllib3==2.2.1 (from -r requirements.txt (line 74))
#9 11.75   Downloading urllib3-2.2.1-py3-none-any.whl.metadata (6.4 kB)
#9 11.78 Collecting visitor==0.1.3 (from -r requirements.txt (line 75))
#9 11.82   Downloading visitor-0.1.3.tar.gz (3.3 kB)
#9 11.83   Preparing metadata (setup.py): started
#9 12.08   Preparing metadata (setup.py): finished with status 'done'
#9 12.13 Collecting Werkzeug==3.0.2 (from -r requirements.txt (line 76))
#9 12.16   Downloading werkzeug-3.0.2-py3-none-any.whl.metadata (4.1 kB)
#9 12.19 Collecting wsproto==1.2.0 (from -r requirements.txt (line 77))
#9 12.22   Downloading wsproto-1.2.0-py3-none-any.whl.metadata (5.6 kB)
#9 12.26 Collecting WTForms==3.1.2 (from -r requirements.txt (line 78))
#9 12.29   Downloading wtforms-3.1.2-py3-none-any.whl.metadata (5.3 kB)
#9 13.87 Downloading alembic-1.13.1-py3-none-any.whl (233 kB)
#9 13.93    â”â”â”â”â”â”â”â”â”â”â”â”â”â”â”â”â”â”â”â”â”â”â”â”â”â”â”â”â”â”â”â”â”â”â”â”â”â”â”â” 233.4/233.4 kB 3.8 MB/s eta 0:00:00
#9 13.97 Downloading argon2_cffi-23.1.0-py3-none-any.whl (15 kB)
#9 14.01 Downloading argon2_cffi_bindings-21.2.0-cp36-abi3-manylinux_2_17_x86_64.manylinux2014_x86_64.whl (86 kB)
#9 14.05    â”â”â”â”â”â”â”â”â”â”â”â”â”â”â”â”â”â”â”â”â”â”â”â”â”â”â”â”â”â”â”â”â”â”â”â”â”â”â”â” 86.2/86.2 kB 2.2 MB/s eta 0:00:00
#9 14.08 Downloading arrow-1.3.0-py3-none-any.whl (66 kB)
#9 14.11    â”â”â”â”â”â”â”â”â”â”â”â”â”â”â”â”â”â”â”â”â”â”â”â”â”â”â”â”â”â”â”â”â”â”â”â”â”â”â”â” 66.4/66.4 kB 3.2 MB/s eta 0:00:00
#9 14.14 Downloading async_timeout-4.0.3-py3-none-any.whl (5.7 kB)
#9 14.18 Downloading bcrypt-4.1.2-cp39-abi3-manylinux_2_28_x86_64.whl (698 kB)
#9 14.47    â”â”â”â”â”â”â”â”â”â”â”â”â”â”â”â”â”â”â”â”â”â”â”â”â”â”â”â”â”â”â”â”â”â”â”â”â”â”â”â” 698.9/698.9 kB 2.4 MB/s eta 0:00:00
#9 14.51 Downloading bidict-0.23.1-py3-none-any.whl (32 kB)
#9 14.56 Downloading blinker-1.7.0-py3-none-any.whl (13 kB)
#9 14.60 Downloading Bootstrap_Flask-2.4.0-py3-none-any.whl (3.9 MB)
#9 15.97    â”â”â”â”â”â”â”â”â”â”â”â”â”â”â”â”â”â”â”â”â”â”â”â”â”â”â”â”â”â”â”â”â”â”â”â”â”â”â”â” 3.9/3.9 MB 2.9 MB/s eta 0:00:00
#9 16.00 Downloading certifi-2024.2.2-py3-none-any.whl (163 kB)
#9 16.05    â”â”â”â”â”â”â”â”â”â”â”â”â”â”â”â”â”â”â”â”â”â”â”â”â”â”â”â”â”â”â”â”â”â”â”â”â”â”â”â” 163.8/163.8 kB 3.6 MB/s eta 0:00:00
#9 16.09 Downloading cffi-1.16.0-cp310-cp310-manylinux_2_17_x86_64.manylinux2014_x86_64.whl (443 kB)
#9 16.21    â”â”â”â”â”â”â”â”â”â”â”â”â”â”â”â”â”â”â”â”â”â”â”â”â”â”â”â”â”â”â”â”â”â”â”â”â”â”â”â” 443.9/443.9 kB 3.6 MB/s eta 0:00:00
#9 16.25 Downloading charset_normalizer-3.3.2-cp310-cp310-manylinux_2_17_x86_64.manylinux2014_x86_64.whl (142 kB)
#9 16.29    â”â”â”â”â”â”â”â”â”â”â”â”â”â”â”â”â”â”â”â”â”â”â”â”â”â”â”â”â”â”â”â”â”â”â”â”â”â”â”â” 142.1/142.1 kB 3.7 MB/s eta 0:00:00
#9 16.32 Downloading click-8.1.7-py3-none-any.whl (97 kB)
#9 16.35    â”â”â”â”â”â”â”â”â”â”â”â”â”â”â”â”â”â”â”â”â”â”â”â”â”â”â”â”â”â”â”â”â”â”â”â”â”â”â”â” 97.9/97.9 kB 5.1 MB/s eta 0:00:00
#9 16.38 Downloading coverage-7.4.4-cp310-cp310-manylinux_2_5_x86_64.manylinux1_x86_64.manylinux_2_17_x86_64.manylinux2014_x86_64.whl (233 kB)
#9 16.44    â”â”â”â”â”â”â”â”â”â”â”â”â”â”â”â”â”â”â”â”â”â”â”â”â”â”â”â”â”â”â”â”â”â”â”â”â”â”â”â” 233.5/233.5 kB 3.9 MB/s eta 0:00:00
#9 16.48 Downloading dnspython-2.6.1-py3-none-any.whl (307 kB)
#9 16.56    â”â”â”â”â”â”â”â”â”â”â”â”â”â”â”â”â”â”â”â”â”â”â”â”â”â”â”â”â”â”â”â”â”â”â”â”â”â”â”â” 307.7/307.7 kB 3.7 MB/s eta 0:00:00
#9 16.60 Downloading dominate-2.9.1-py2.py3-none-any.whl (29 kB)
#9 16.64 Downloading elastic_transport-8.11.0-py3-none-any.whl (59 kB)
#9 16.66    â”â”â”â”â”â”â”â”â”â”â”â”â”â”â”â”â”â”â”â”â”â”â”â”â”â”â”â”â”â”â”â”â”â”â”â”â”â”â”â” 59.8/59.8 kB 4.1 MB/s eta 0:00:00
#9 16.69 Downloading elasticsearch-8.11.1-py3-none-any.whl (412 kB)
#9 16.80    â”â”â”â”â”â”â”â”â”â”â”â”â”â”â”â”â”â”â”â”â”â”â”â”â”â”â”â”â”â”â”â”â”â”â”â”â”â”â”â” 412.8/412.8 kB 3.8 MB/s eta 0:00:00
#9 16.84 Downloading elasticsearch_dsl-8.11.0-py3-none-any.whl (63 kB)
#9 16.86    â”â”â”â”â”â”â”â”â”â”â”â”â”â”â”â”â”â”â”â”â”â”â”â”â”â”â”â”â”â”â”â”â”â”â”â”â”â”â”â” 63.1/63.1 kB 3.8 MB/s eta 0:00:00
#9 16.89 Downloading email_validator-2.1.1-py3-none-any.whl (30 kB)
#9 16.93 Downloading exceptiongroup-1.2.0-py3-none-any.whl (16 kB)
#9 16.96 Downloading Faker-24.11.0-py3-none-any.whl (1.8 MB)
#9 17.44    â”â”â”â”â”â”â”â”â”â”â”â”â”â”â”â”â”â”â”â”â”â”â”â”â”â”â”â”â”â”â”â”â”â”â”â”â”â”â”â” 1.8/1.8 MB 3.8 MB/s eta 0:00:00
#9 17.47 Downloading flask-3.0.3-py3-none-any.whl (101 kB)
#9 17.49    â”â”â”â”â”â”â”â”â”â”â”â”â”â”â”â”â”â”â”â”â”â”â”â”â”â”â”â”â”â”â”â”â”â”â”â”â”â”â”â” 101.7/101.7 kB 5.9 MB/s eta 0:00:00
#9 17.53 Downloading Flask_Bcrypt-1.0.1-py3-none-any.whl (6.0 kB)
#9 17.57 Downloading Flask_Bootstrap4-4.0.2-py3-none-any.whl (1.7 MB)
#9 17.98    â”â”â”â”â”â”â”â”â”â”â”â”â”â”â”â”â”â”â”â”â”â”â”â”â”â”â”â”â”â”â”â”â”â”â”â”â”â”â”â” 1.7/1.7 MB 4.2 MB/s eta 0:00:00
#9 18.02 Downloading Flask_Login-0.6.3-py3-none-any.whl (17 kB)
#9 18.06 Downloading Flask_Migrate-4.0.7-py3-none-any.whl (21 kB)
#9 18.09 Downloading Flask_Minio-0.1.2-py3-none-any.whl (2.9 kB)
#9 18.13 Downloading Flask_SocketIO-5.3.6-py3-none-any.whl (18 kB)
#9 18.17 Downloading flask_sqlalchemy-3.1.1-py3-none-any.whl (25 kB)
#9 18.21 Downloading flask_wtf-1.2.1-py3-none-any.whl (12 kB)
#9 18.25 Downloading greenlet-3.0.3-cp310-cp310-manylinux_2_24_x86_64.manylinux_2_28_x86_64.whl (616 kB)
#9 18.39    â”â”â”â”â”â”â”â”â”â”â”â”â”â”â”â”â”â”â”â”â”â”â”â”â”â”â”â”â”â”â”â”â”â”â”â”â”â”â”â” 616.0/616.0 kB 4.4 MB/s eta 0:00:00
#9 18.43 Downloading h11-0.14.0-py3-none-any.whl (58 kB)
#9 18.44    â”â”â”â”â”â”â”â”â”â”â”â”â”â”â”â”â”â”â”â”â”â”â”â”â”â”â”â”â”â”â”â”â”â”â”â”â”â”â”â” 58.3/58.3 kB 6.2 MB/s eta 0:00:00
#9 18.48 Downloading idna-3.7-py3-none-any.whl (66 kB)
#9 18.49    â”â”â”â”â”â”â”â”â”â”â”â”â”â”â”â”â”â”â”â”â”â”â”â”â”â”â”â”â”â”â”â”â”â”â”â”â”â”â”â” 66.8/66.8 kB 19.5 MB/s eta 0:00:00
#9 18.52 Downloading infisical-1.6.0-py3-none-any.whl (21 kB)
#9 18.57 Downloading infisical_python-2.1.9-cp310-cp310-manylinux_2_28_x86_64.whl (3.7 MB)
#9 19.42    â”â”â”â”â”â”â”â”â”â”â”â”â”â”â”â”â”â”â”â”â”â”â”â”â”â”â”â”â”â”â”â”â”â”â”â”â”â”â”â” 3.7/3.7 MB 4.4 MB/s eta 0:00:00
#9 19.46 Downloading iniconfig-2.0.0-py3-none-any.whl (5.9 kB)
#9 19.50 Downloading itsdangerous-2.2.0-py3-none-any.whl (16 kB)
#9 19.53 Downloading Jinja2-3.1.3-py3-none-any.whl (133 kB)
#9 19.56    â”â”â”â”â”â”â”â”â”â”â”â”â”â”â”â”â”â”â”â”â”â”â”â”â”â”â”â”â”â”â”â”â”â”â”â”â”â”â”â” 133.2/133.2 kB 5.4 MB/s eta 0:00:00
#9 19.60 Downloading libgravatar-1.0.4-py2.py3-none-any.whl (17 kB)
#9 19.64 Downloading looseversion-1.3.0-py2.py3-none-any.whl (8.2 kB)
#9 19.68 Downloading Mako-1.3.3-py3-none-any.whl (78 kB)
#9 19.70    â”â”â”â”â”â”â”â”â”â”â”â”â”â”â”â”â”â”â”â”â”â”â”â”â”â”â”â”â”â”â”â”â”â”â”â”â”â”â”â” 78.8/78.8 kB 5.9 MB/s eta 0:00:00
#9 19.74 Downloading MarkupSafe-2.1.5-cp310-cp310-manylinux_2_17_x86_64.manylinux2014_x86_64.whl (25 kB)
#9 19.79 Downloading minio-7.2.7-py3-none-any.whl (93 kB)
#9 19.81    â”â”â”â”â”â”â”â”â”â”â”â”â”â”â”â”â”â”â”â”â”â”â”â”â”â”â”â”â”â”â”â”â”â”â”â”â”â”â”â” 93.5/93.5 kB 6.5 MB/s eta 0:00:00
#9 19.86 Downloading packaging-24.0-py3-none-any.whl (53 kB)
#9 19.87    â”â”â”â”â”â”â”â”â”â”â”â”â”â”â”â”â”â”â”â”â”â”â”â”â”â”â”â”â”â”â”â”â”â”â”â”â”â”â”â” 53.5/53.5 kB 5.0 MB/s eta 0:00:00
#9 19.92 Downloading phonenumbers-8.13.34-py2.py3-none-any.whl (2.6 MB)
#9 20.42    â”â”â”â”â”â”â”â”â”â”â”â”â”â”â”â”â”â”â”â”â”â”â”â”â”â”â”â”â”â”â”â”â”â”â”â”â”â”â”â” 2.6/2.6 MB 5.2 MB/s eta 0:00:00
#9 20.45 Downloading pluggy-1.4.0-py3-none-any.whl (20 kB)
#9 20.49 Downloading psycopg-3.1.18-py3-none-any.whl (178 kB)
#9 20.52    â”â”â”â”â”â”â”â”â”â”â”â”â”â”â”â”â”â”â”â”â”â”â”â”â”â”â”â”â”â”â”â”â”â”â”â”â”â”â”â” 178.1/178.1 kB 5.3 MB/s eta 0:00:00
#9 20.56 Downloading psycopg2_binary-2.9.9-cp310-cp310-manylinux_2_17_x86_64.manylinux2014_x86_64.whl (3.0 MB)
#9 21.09    â”â”â”â”â”â”â”â”â”â”â”â”â”â”â”â”â”â”â”â”â”â”â”â”â”â”â”â”â”â”â”â”â”â”â”â”â”â”â”â” 3.0/3.0 MB 5.7 MB/s eta 0:00:00
#9 21.13 Downloading pycparser-2.22-py3-none-any.whl (117 kB)
#9 21.15    â”â”â”â”â”â”â”â”â”â”â”â”â”â”â”â”â”â”â”â”â”â”â”â”â”â”â”â”â”â”â”â”â”â”â”â”â”â”â”â” 117.6/117.6 kB 8.3 MB/s eta 0:00:00
#9 21.18 Downloading pycryptodome-3.20.0-cp35-abi3-manylinux_2_17_x86_64.manylinux2014_x86_64.whl (2.1 MB)
#9 21.53    â”â”â”â”â”â”â”â”â”â”â”â”â”â”â”â”â”â”â”â”â”â”â”â”â”â”â”â”â”â”â”â”â”â”â”â”â”â”â”â” 2.1/2.1 MB 6.2 MB/s eta 0:00:00
#9 21.56 Downloading pycryptodomex-3.20.0-cp35-abi3-manylinux_2_17_x86_64.manylinux2014_x86_64.whl (2.1 MB)
#9 21.88    â”â”â”â”â”â”â”â”â”â”â”â”â”â”â”â”â”â”â”â”â”â”â”â”â”â”â”â”â”â”â”â”â”â”â”â”â”â”â”â” 2.1/2.1 MB 6.7 MB/s eta 0:00:00
#9 21.91 Downloading pydantic-1.10.15-cp310-cp310-manylinux_2_17_x86_64.manylinux2014_x86_64.whl (3.1 MB)
#9 22.40    â”â”â”â”â”â”â”â”â”â”â”â”â”â”â”â”â”â”â”â”â”â”â”â”â”â”â”â”â”â”â”â”â”â”â”â”â”â”â”â” 3.1/3.1 MB 6.4 MB/s eta 0:00:00
#9 22.44 Downloading PyNaCl-1.5.0-cp36-abi3-manylinux_2_17_x86_64.manylinux2014_x86_64.manylinux_2_24_x86_64.whl (856 kB)
#9 22.56    â”â”â”â”â”â”â”â”â”â”â”â”â”â”â”â”â”â”â”â”â”â”â”â”â”â”â”â”â”â”â”â”â”â”â”â”â”â”â”â” 856.7/856.7 kB 6.9 MB/s eta 0:00:00
#9 22.60 Downloading pytest-8.1.1-py3-none-any.whl (337 kB)
#9 22.65    â”â”â”â”â”â”â”â”â”â”â”â”â”â”â”â”â”â”â”â”â”â”â”â”â”â”â”â”â”â”â”â”â”â”â”â”â”â”â”â” 337.4/337.4 kB 6.6 MB/s eta 0:00:00
#9 22.69 Downloading pytest_cov-5.0.0-py3-none-any.whl (21 kB)
#9 22.73 Downloading python_dateutil-2.9.0.post0-py2.py3-none-any.whl (229 kB)
#9 22.76    â”â”â”â”â”â”â”â”â”â”â”â”â”â”â”â”â”â”â”â”â”â”â”â”â”â”â”â”â”â”â”â”â”â”â”â”â”â”â”â” 229.9/229.9 kB 7.3 MB/s eta 0:00:00
#9 22.79 Downloading python_dotenv-1.0.1-py3-none-any.whl (19 kB)
#9 22.83 Downloading python_engineio-4.9.0-py3-none-any.whl (57 kB)
#9 22.83    â”â”â”â”â”â”â”â”â”â”â”â”â”â”â”â”â”â”â”â”â”â”â”â”â”â”â”â”â”â”â”â”â”â”â”â”â”â”â”â” 57.5/57.5 kB 13.2 MB/s eta 0:00:00
#9 22.87 Downloading python_socketio-5.11.2-py3-none-any.whl (75 kB)
#9 22.88    â”â”â”â”â”â”â”â”â”â”â”â”â”â”â”â”â”â”â”â”â”â”â”â”â”â”â”â”â”â”â”â”â”â”â”â”â”â”â”â” 75.7/75.7 kB 13.5 MB/s eta 0:00:00
#9 22.92 Downloading redis-5.0.3-py3-none-any.whl (251 kB)
#9 22.95    â”â”â”â”â”â”â”â”â”â”â”â”â”â”â”â”â”â”â”â”â”â”â”â”â”â”â”â”â”â”â”â”â”â”â”â”â”â”â”â” 251.8/251.8 kB 6.9 MB/s eta 0:00:00
#9 22.99 Downloading requests-2.31.0-py3-none-any.whl (62 kB)
#9 23.00    â”â”â”â”â”â”â”â”â”â”â”â”â”â”â”â”â”â”â”â”â”â”â”â”â”â”â”â”â”â”â”â”â”â”â”â”â”â”â”â” 62.6/62.6 kB 11.1 MB/s eta 0:00:00
#9 23.03 Downloading rethinkdb-2.4.10.post1-py2.py3-none-any.whl (160 kB)
#9 23.05    â”â”â”â”â”â”â”â”â”â”â”â”â”â”â”â”â”â”â”â”â”â”â”â”â”â”â”â”â”â”â”â”â”â”â”â”â”â”â”â” 160.9/160.9 kB 9.6 MB/s eta 0:00:00
#9 23.08 Downloading simple_websocket-1.0.0-py3-none-any.whl (13 kB)
#9 23.12 Downloading six-1.16.0-py2.py3-none-any.whl (11 kB)
#9 23.16 Downloading SQLAlchemy-2.0.29-cp310-cp310-manylinux_2_17_x86_64.manylinux2014_x86_64.whl (3.1 MB)
#9 23.57    â”â”â”â”â”â”â”â”â”â”â”â”â”â”â”â”â”â”â”â”â”â”â”â”â”â”â”â”â”â”â”â”â”â”â”â”â”â”â”â” 3.1/3.1 MB 7.4 MB/s eta 0:00:00
#9 23.61 Downloading tomli-2.0.1-py3-none-any.whl (12 kB)
#9 23.64 Downloading types_python_dateutil-2.9.0.20240316-py3-none-any.whl (9.7 kB)
#9 23.67 Downloading typing_extensions-4.11.0-py3-none-any.whl (34 kB)
#9 23.71 Downloading urllib3-2.2.1-py3-none-any.whl (121 kB)
#9 23.72    â”â”â”â”â”â”â”â”â”â”â”â”â”â”â”â”â”â”â”â”â”â”â”â”â”â”â”â”â”â”â”â”â”â”â”â”â”â”â”â” 121.1/121.1 kB 10.3 MB/s eta 0:00:00
#9 23.76 Downloading werkzeug-3.0.2-py3-none-any.whl (226 kB)
#9 23.79    â”â”â”â”â”â”â”â”â”â”â”â”â”â”â”â”â”â”â”â”â”â”â”â”â”â”â”â”â”â”â”â”â”â”â”â”â”â”â”â” 226.8/226.8 kB 8.7 MB/s eta 0:00:00
#9 23.83 Downloading wsproto-1.2.0-py3-none-any.whl (24 kB)
#9 23.87 Downloading wtforms-3.1.2-py3-none-any.whl (145 kB)
#9 23.88    â”â”â”â”â”â”â”â”â”â”â”â”â”â”â”â”â”â”â”â”â”â”â”â”â”â”â”â”â”â”â”â”â”â”â”â”â”â”â”â” 146.0/146.0 kB 10.2 MB/s eta 0:00:00
#9 24.06 Building wheels for collected packages: Flask-Helper, Flask-Script, Flask-Testing, psycopg2, visitor
#9 24.07   Building wheel for Flask-Helper (setup.py): started
#9 24.54   Building wheel for Flask-Helper (setup.py): finished with status 'done'
#9 24.54   Created wheel for Flask-Helper: filename=Flask_Helper-2.1.1-py3-none-any.whl size=18362 sha256=dddd9dd26d856687b2e9e045b9022061d02319acc2a5a315416db48dea72bc21
#9 24.54   Stored in directory: /tmp/pip-ephem-wheel-cache-4z8w5moy/wheels/94/28/04/8d0e9b959a678453fb82310fee484d2e6d10bbd23c30457915
#9 24.55   Building wheel for Flask-Script (setup.py): started
#9 24.89   Building wheel for Flask-Script (setup.py): finished with status 'done'
#9 24.89   Created wheel for Flask-Script: filename=Flask_Script-2.0.6-py3-none-any.whl size=14027 sha256=0e8fb77aadddf029280f415c2a8fe7495f61bed7763f7033790ebcdf139fb68b
#9 24.89   Stored in directory: /tmp/pip-ephem-wheel-cache-4z8w5moy/wheels/1b/03/68/33d4ba806bbe80fc1b5ca92226da88a3acd03b6b31d3f9cbb3
#9 24.89   Building wheel for Flask-Testing (setup.py): started
#9 25.23   Building wheel for Flask-Testing (setup.py): finished with status 'done'
#9 25.23   Created wheel for Flask-Testing: filename=Flask_Testing-0.8.1-py3-none-any.whl size=8190 sha256=7d76d810e4a11e8a4553ea2847e8c0baac90013fb17e34981e347e2d35967f71
#9 25.23   Stored in directory: /tmp/pip-ephem-wheel-cache-4z8w5moy/wheels/c9/ed/31/9b0a9431bdb3d378f0b63671efc517bac666e5ab4b4fa3b360
#9 25.24   Building wheel for psycopg2 (setup.py): started
#9 33.19   Building wheel for psycopg2 (setup.py): finished with status 'done'
#9 33.19   Created wheel for psycopg2: filename=psycopg2-2.9.9-cp310-cp310-linux_x86_64.whl size=483010 sha256=9f33989887b570406a694bc9ccd404aae1e95bf19bccf424e43231231a445f47
#9 33.19   Stored in directory: /tmp/pip-ephem-wheel-cache-4z8w5moy/wheels/7d/75/13/da1c6d88687ae81bf5e3cfa07d702981ba137963163472b050
#9 33.20   Building wheel for visitor (setup.py): started
#9 33.53   Building wheel for visitor (setup.py): finished with status 'done'
#9 33.53   Created wheel for visitor: filename=visitor-0.1.3-py3-none-any.whl size=3928 sha256=51359dd53ec534a9b099d62c81e31765a81fe6779cd6e19c703683716a51e511
#9 33.53   Stored in directory: /tmp/pip-ephem-wheel-cache-4z8w5moy/wheels/19/31/99/2ec5b4459cac4d801d6201d501a354366d180afc9f8bb2d333
#9 33.54 Successfully built Flask-Helper Flask-Script Flask-Testing psycopg2 visitor
#9 33.98 Installing collected packages: visitor, phonenumbers, looseversion, libgravatar, urllib3, typing_extensions, types-python-dateutil, tomli, six, python-dotenv, pycryptodomex, pycryptodome, pycparser, psycopg2-binary, psycopg2, pluggy, packaging, MarkupSafe, itsdangerous, iniconfig, infisical-python, idna, h11, greenlet, exceptiongroup, dominate, dnspython, coverage, click, charset-normalizer, certifi, blinker, bidict, bcrypt, async-timeout, WTForms, wsproto, Werkzeug, SQLAlchemy, rethinkdb, requests, redis, python-dateutil, pytest, pydantic, psycopg, Mako, Jinja2, email_validator, elastic-transport, cffi, simple-websocket, pytest-cov, PyNaCl, Flask, Faker, elasticsearch, arrow, argon2-cffi-bindings, alembic, python-engineio, infisical, Flask-WTF, Flask-Testing, Flask-SQLAlchemy, Flask-Script, Flask-Login, Flask-Helper, Flask-Bootstrap4, Flask-Bcrypt, elasticsearch-dsl, Bootstrap-Flask, argon2-cffi, python-socketio, minio, Flask-Migrate, Flask-SocketIO, Flask-Minio
#9 45.26 Successfully installed Bootstrap-Flask-2.4.0 Faker-24.11.0 Flask-3.0.3 Flask-Bcrypt-1.0.1 Flask-Bootstrap4-4.0.2 Flask-Helper-2.1.1 Flask-Login-0.6.3 Flask-Migrate-4.0.7 Flask-Minio-0.1.2 Flask-SQLAlchemy-3.1.1 Flask-Script-2.0.6 Flask-SocketIO-5.3.6 Flask-Testing-0.8.1 Flask-WTF-1.2.1 Jinja2-3.1.3 Mako-1.3.3 MarkupSafe-2.1.5 PyNaCl-1.5.0 SQLAlchemy-2.0.29 WTForms-3.1.2 Werkzeug-3.0.2 alembic-1.13.1 argon2-cffi-23.1.0 argon2-cffi-bindings-21.2.0 arrow-1.3.0 async-timeout-4.0.3 bcrypt-4.1.2 bidict-0.23.1 blinker-1.7.0 certifi-2024.2.2 cffi-1.16.0 charset-normalizer-3.3.2 click-8.1.7 coverage-7.4.4 dnspython-2.6.1 dominate-2.9.1 elastic-transport-8.11.0 elasticsearch-8.11.1 elasticsearch-dsl-8.11.0 email_validator-2.1.1 exceptiongroup-1.2.0 greenlet-3.0.3 h11-0.14.0 idna-3.7 infisical-1.6.0 infisical-python-2.1.9 iniconfig-2.0.0 itsdangerous-2.2.0 libgravatar-1.0.4 looseversion-1.3.0 minio-7.2.7 packaging-24.0 phonenumbers-8.13.34 pluggy-1.4.0 psycopg-3.1.18 psycopg2-2.9.9 psycopg2-binary-2.9.9 pycparser-2.22 pycryptodome-3.20.0 pycryptodomex-3.20.0 pydantic-1.10.15 pytest-8.1.1 pytest-cov-5.0.0 python-dateutil-2.9.0.post0 python-dotenv-1.0.1 python-engineio-4.9.0 python-socketio-5.11.2 redis-5.0.3 requests-2.31.0 rethinkdb-2.4.10.post1 simple-websocket-1.0.0 six-1.16.0 tomli-2.0.1 types-python-dateutil-2.9.0.20240316 typing_extensions-4.11.0 urllib3-2.2.1 visitor-0.1.3 wsproto-1.2.0
#9 45.26 WARNING: Running pip as the 'root' user can result in broken permissions and conflicting behaviour with the system package manager. It is recommended to use a virtual environment instead: https://pip.pypa.io/warnings/venv
#9 DONE 46.2s

#10 [flowershop 6/7] RUN git config --global --add safe.directory .git/gitconfig
#10 DONE 0.9s

#11 [flowershop 7/7] WORKDIR /app/shop
#11 DONE 0.3s

#12 [flowershop] exporting to image
#12 exporting layers
#12 exporting layers 3.0s done
#12 writing image sha256:93767bd923929f153ecf18af861a7f33ecb3ad632bd42e3a8cf935d8fa2c0766 done
#12 naming to docker.io/library/shop-flowershop 0.0s done
#12 DONE 3.1s
time="2024-05-18T17:51:04Z" level=warning msg="a network with name minio_network exists but was not created for project \"shop\".\nSet `external: true` to use an existing network"
time="2024-05-18T17:51:04Z" level=warning msg="a network with name flaskshop_network exists but was not created for project \"shop\".\nSet `external: true` to use an existing network"
time="2024-05-18T17:51:04Z" level=warning msg="a network with name redis_network exists but was not created for project \"shop\".\nSet `external: true` to use an existing network"
time="2024-05-18T17:51:04Z" level=warning msg="a network with name rethinkdb_net exists but was not created for project \"shop\".\nSet `external: true` to use an existing network"
time="2024-05-18T17:51:04Z" level=warning msg="a network with name jenkins_network exists but was not created for project \"shop\".\nSet `external: true` to use an existing network"
 Container flowershop-ci  Recreate
 Container flowershop-ci  Recreated
 Container flowershop-ci  Starting
 Container flowershop-ci  Started
[8mha:////4DN17ppdOmI8lQAfJCj1XxUkVIBhcXZ4b/bP/6rFLNSCAAAApB+LCAAAAAAAAP9tjTEOwjAQBC9BFLSUPOKCEB2iSmu54QUmNsaJdWdsh6TiRXyNPxCIRMUWq51t5vmCZYpw5GixNdQ5So3D4Hs7LRw4dhfPA7Z8xoYpsTcozSBZm3pGydnAnKKEhYCVocZzcmQzrEWr7qryimx1ynH6DgJKp2/wgEJM5qxi/sIYYXPtdWL6ef4KYAwZyt32U/vwBi0Xj0m+AAAA[0m[Pipeline] echo
Docker-compose-build Build Image Completed
[8mha:////4F58GVnxmALyPy6YIzeF0+EyTyRce68ThnlHL1YDEYrbAAAApB+LCAAAAAAAAP9tjTEOwjAQBC9BFLSUPOKCkKgQVVrLDS8wsTFOrDtjOyQVL+Jr/IFAJCq2WO1sM88XLFOEI0eLraHOUWocBt/baeHAsbt4HrDlMzZMib1BaQbJ2tQzSs4G5hQlLASsDDWekyObYS1adVeVV2SrU47TdxBQOn2DBxRiMmcV8xfGCJtrrxPTz/NXAGMIGcrd/lPbN1R/4ly+AAAA[0m[Pipeline] }
[8mha:////4EoqH8z1z52PYNgQHFhnb4lpq4beNLDpbaBUm92nK68VAAAAph+LCAAAAAAAAP9tjTEOwjAQBC9BFLSUPOIiKJAQSkVrueEFJjHGiXUXbAen4kV8jT9gEYmKLVY728zrDcvgoWZvsNPUWwqNxcGNJi9M7Pur44QdX7BhCuw0Sp0kt/o0o+SoYU5RwkLASlPjOFgyEdaiUw9VOUWmOkefv6OA0rZ3eEIhsjkqH78wedjcxjYw/Tx/BTANQ4Ryt8+1PXwAneaHiL4AAAA=[0m[Pipeline] // script
[8mha:////4MjQfSlXPTfTH7VlzrtNpJgdHWLhvYDogeAtWpLPriYOAAAApR+LCAAAAAAAAP9tjTEOwjAQBC9BFLSUPOIiaEBCqWgtN7zAJMY4se6C7eBUvIiv8QcsIlGxxWpnm3m9YRk81OwNdpp6S6GxOLjR5IWJfX91nLDjCzZMgZ1GqZPkVp9mlBw1zClKWAhYaWocB0smwlp06qEqp8hU5+jzdxRQ2vYOTyhENkfl4xcmD5vb2Aamn+evAKZhiFDu9rm2hw+uBdw0vgAAAA==[0m[Pipeline] }
[8mha:////4OmkjrVWvGvY2SGqVd9dxZRKiNsj1pS4r6cflRycTcR+AAAApR+LCAAAAAAAAP9tjTEOwjAQBC9BFLSUPOIiaEBCqWgtN7zAJMY4se6C7eBUvIiv8QcsIlGxxWpnm3m9YRk81OwNdpp6S6GxOLjR5IWJfX91nLDjCzZMgZ1GqZPkVp9mlBw1zClKWAhYaWocB0smwlp06qEqp8hU5+jzdxRQ2vYOTyhENkfl4xcmD5vb2Aamn+evAKZhiFDuDrm2+w/qqjVVvgAAAA==[0m[Pipeline] // stage
[8mha:////4I/oPil8dPcl6lBtXdpM9GmiDXsQa+9C6F83W2IpCB8NAAAApx+LCAAAAAAAAP9tjTEOwjAQBM9BKWgpeYQjUSAhREVrueEFJjbGiXUX7AtJxYv4Gn8gEImKrXZWWs3zBWVOcKDkZeOwDZjrILvY+6nJgVJ7iTTIhs6yJswUndRu0GTdcUZN7GCOKGChYOmwjpQDeoaVaszdVNGgr06cpm2voAj2Bg8QajKzSfyFMcH62ttM+PP8FcDYMYgtQ7HZfY7lGyIWoR/BAAAA[0m[Pipeline] stage
[8mha:////4N/tmx0jP5tKCodvnzrMDhJhosudPVcPVKmthBVE8UyuAAAAqB+LCAAAAAAAAP9tjTEOwjAUQ3+LOrAycogUwYRQJ9aoCycITQhJo/9LkpJOnIircQcClZjwYNmWrPd8QRU8NOQ1swp7g6EzbHCjzokl8v3FUWKWzqwjDOQUa1VqSarjXFuKCmYVJSw4LBV2joJBHWHFrbiL2gnU9Sn6vB04lEbe4AEFz+QofPyWycP6OspA+OP8BcA0RCi3+2y7zedZvQH4j6CMwgAAAA==[0m[Pipeline] { (Test)
[8mha:////4NXeyvj/tn8g/g2Dsde0x3lhbdFyQ34TM4PGSc9XlMLiAAAAox+LCAAAAAAAAP9tjTEOwjAQBC9BFLSUPOICokRUaS03vMDExjix7oztkFS8iK/xBwKRqNhitbPNPF+wTBGOHC22hjpHqXEYfG+nhQPH7uJ5wJbP2DAl9galGSRrU88oORuYU5SwELAy1HhOjmyGtWjVXVVeka1OOU7fQUDp9A0eUIjJnFXMXxgjbK69Tkw/z18BjCFDud9+ahfewYmQ+b4AAAA=[0m[Pipeline] echo
Assuming tests are run here. Please replace this with actual test commands.
[8mha:////4Gkoqg97+DAyZBNgZtQjgkc1Zw9ff3Yb/OQc74ChC4zVAAAAox+LCAAAAAAAAP9tjTEOwjAQBC9BFLSUPOKCoERUaS03vMDExjix7oztkFS8iK/xBwKRqNhitbPNPF+wTBGOHC22hjpHqXEYfG+nhQPH7uJ5wJbP2DAl9galGSRrU88oORuYU5SwELAy1HhOjmyGtWjVXVVeka1OOU7fQUDp9A0eUIjJnFXMXxgjbK69Tkw/z18BjCFDud9+ahfeAtq90r4AAAA=[0m[Pipeline] sh
+ docker exec flowershop-ci python -m pytest -v
============================= test session starts ==============================
platform linux -- Python 3.10.14, pytest-8.1.1, pluggy-1.4.0 -- /usr/local/bin/python
cachedir: .pytest_cache
rootdir: /app/shop
plugins: Faker-24.11.0, cov-5.0.0
collecting ... collected 0 items

============================ no tests ran in 0.05s =============================
[8mha:////4Ocy3TIuwEtz6qoCdfLDMy8M4TmiSgZE1LSeU0TB2HKMAAAAox+LCAAAAAAAAP9tjTEOwjAQBC9BFLSUPOKClBJR0VppeIFJjLFj3Tm2g1PxIr7GHwhEomKL1c4283zBOgY4ctBoFfWGYmvQu1HPCzOH/uo4o+ULtkyRncJG5YY7dVqw4aRgSVHCSsBGUes4GtIJtsLKu6ycJF2dU5i/g4DSdAM8oBCzOcmQvjAF2N3GLjL9PH8FMHmfoKzrT+3fvKbXNb4AAAA=[0m[Pipeline] }
[8mha:////4A78XlPcQnJLjw84qBRZ2RAb8Oi+E3z4sGinX1K1oeD/AAAApR+LCAAAAAAAAP9tjTEOwjAQBC9BFLSUPOIiAQ1CqWgtN7zAJMY4se6C7eBUvIiv8QcsIlGxxWpnm3m9YRk81OwNdpp6S6GxOLjR5IWJfX91nLDjCzZMgZ1GqZPkVp9mlBw1zClKWAhYaWocB0smwlp06qEqp8hU5+jzdxRQ2vYOTyhENkfl4xcmD5vb2Aamn+evAKZhiFDu9rm2hw/hHxVIvgAAAA==[0m[Pipeline] // stage
[8mha:////4HnvWlzsomxBHoKL/YrJoUBv/EYbDQmDbMav3M15ckJDAAAAph+LCAAAAAAAAP9tjTEOwjAQBM9BKWgpeYRTIGgQFa3lhheY2Bgn1l2wLyQVL+Jr/IFAJCq22llpNc8XlDnBgZKXjcM2YK6D7GLvpyYHSu0l0iAbOsuaMFN0UrtBk3XHGTWxgzmigIWCpcM6Ug7oGVaqMXdTRYO+OnGatr2CItgbPECoycwm8RfGBOtrbzPhz/NXAGPHIHYMxWb7OZZv7d0UzsEAAAA=[0m[Pipeline] stage
[8mha:////4MQkyV4+ZsKDllK+op+ng6X8f7BYHCG9UUphuwaC4zsUAAAApx+LCAAAAAAAAP9tjTEOwjAUQ3+LOrAycoh0QLAgpq5RFk4QmhDSRv+Xn5R24kRcjTvQUokJD5ZtyXqvNxSR4UTsRGOx9RhrL7rQuymJgbi9BhpEQxdRE0YKVig7KDK2WqqiZGFRlsNKwtpiHSh6dAk2stEPXQaNrjwnnrajhNybOzwhkxM5aU7fMjJsb72JhD/OXwCMXYJ8t5/tMD+LD02yRsvCAAAA[0m[Pipeline] { (Deploy)
Stage "Deploy" skipped due to earlier failure(s)
[8mha:////4PKbMSjf/MVuDsB7Sws3MW77UxtbcD4Mo/D6uz6DoueeAAAApR+LCAAAAAAAAP9tjTEOwjAQBC9BFLSUPOJSIEGBqNJabniBiY1xYt0Z2yGpeBFf4w8EIlGxxWpnm3m+YJkiHDlabA11jlLjMPjeTgsHjt3F84Atn7FhSuwNSjNI1qaeUXI2MKcoYSFgZajxnBzZDGvRqruqvCJbnXKcvoOA0ukbPKAQkzmrmL8wRthce52Yfp6/AhhDhnK7+9Q+vAF9GxrMvgAAAA==[0m[Pipeline] getContext
[8mha:////4DYyVDb+EjYvKzJ+WNllnDQt9Uk/Ezdek8W87Cym0OPxAAAApR+LCAAAAAAAAP9tjTEOwjAQBC9BFLSUPOJSICEkRJXWcsMLTGyME+vO2A5JxYv4Gn8gEImKLVY728zzBcsU4cjRYmuoc5Qah8H3dlo4cOwungds+YwNU2JvUJpBsjb1jJKzgTlFCQsBK0ON5+TIZliLVt1V5RXZ6pTj9B0ElE7f4AGFmMxZxfyFMcLm2uvE9PP8FcAYQoZyu//U7g1K83O2vgAAAA==[0m[Pipeline] }
[8mha:////4H4rPvtbRluvxQizBVusjU5CSTb5jsmprnpzPFJWuJsUAAAApR+LCAAAAAAAAP9tjTEOwjAQBC9BFLSUPOJSIAqEqNJabniBiY1xYt0Z2yGpeBFf4w8EIlGxxWpnm3m+YJkiHDlabA11jlLjMPjeTgsHjt3F84Atn7FhSuwNSjNI1qaeUXI2MKcoYSFgZajxnBzZDGvRqruqvCJbnXKcvoOA0ukbPKAQkzmrmL8wRthce52Yfp6/AhhDyFBu95/avQFVcSbkvgAAAA==[0m[Pipeline] // stage
[8mha:////4OJ+4mMs1XakMypsy1fclLaUe8XIytXDeunW7Frdw9kuAAAAph+LCAAAAAAAAP9tjTEOwjAQBM9BKWgpeYRDgWgQFa3lhheY2Bgn1l2wLyQVL+Jr/IFAJCq22llpNc8XlDnBgZKXjcM2YK6D7GLvpyYHSu0l0iAbOsuaMFN0UrtBk3XHGTWxgzmigIWCpcM6Ug7oGVaqMXdTRYO+OnGatr2CItgbPECoycwm8RfGBOtrbzPhz/NXAGPHIHYMxXbzOZZv0HJ+W8EAAAA=[0m[Pipeline] stage
[8mha:////4MHDIP75QhRiVsOcAhGDO6yvN0LA/IVUJfkeGwAq7rFPAAAApx+LCAAAAAAAAP9tjTEOwjAUQ3+LOrAycogUJDbE1DXKwglCE0La6P/yk9JOnIircQdaKjHhwbItWe/1hiIynIidaCy2HmPtRRd6NyUxELfXQINo6CJqwkjBCmUHRcZWS1WULCzKclhJWFusA0WPLsFGNvqhy6DRlefE03aUkHtzhydkciInzelbRobtrTeR8Mf5C4CxS5AfdrPt52fxAbb5KxbCAAAA[0m[Pipeline] { (Declarative: Post Actions)
[8mha:////4AIM1IRzU7i7Nb2f4OvrPewMRoTt5+ezpXUJij/NcvaSAAAApB+LCAAAAAAAAP9tjTEOwjAQBC9BFLSUPOIiEB2iSmu54QUmNsaJdWdsh6TiRXyNPxCIRMUWq51t5vmCZYpw5GixNdQ5So3D4Hs7LRw4dhfPA7Z8xoYpsTcozSBZm3pGydnAnKKEhYCVocZzcmQzrEWr7qryimx1ynH6DgJKp2/wgEJM5qxi/sIYYXPtdWL6ef4KYAwZyv32U7vwBirOQHu+AAAA[0m[Pipeline] echo
Remove Containers...
[8mha:////4MGHWIbWSpx0YhTvfsT8fZo546Ynq7KUlXiffkg/wkDbAAAApB+LCAAAAAAAAP9tjTEOwjAQBC9BFLSUPOIiBB2iSmu54QUmNsaJdWdsh6TiRXyNPxCIRMUWq51t5vmCZYpw5GixNdQ5So3D4Hs7LRw4dhfPA7Z8xoYpsTcozSBZm3pGydnAnKKEhYCVocZzcmQzrEWr7qryimx1ynH6DgJKp2/wgEJM5qxi/sIYYXPtdWL6ef4KYAwZyv32U7vwBmv/W2K+AAAA[0m[Pipeline] sh
+ docker system prune -f
Deleted Images:
deleted: sha256:24ee26d6931f6c10de23232af9c06a40cf1e6b61d4a1795f37b3892eaf1a4649

Deleted build cache objects:
jftq0pds5bgdz29s69t8egbcs
vm9703puv1408p8hva1gnlvub
oroo8xsw1uh0jpzldx1m4oin4
9cfceq76j5eqxot0utq03agzm
ge1lk8209eajpgj3r2w81uoeh
v3n7bstgpn8xkpblj7mnhhwk0
wvdeoct19h3a2tzllya9gsfda
lz3kdppofkduickwuzsx18b1j

Total reclaimed space: 1.339GB
[8mha:////4IYLlPXxpYrKFwYreC9mObB1HjHZ/ElcJqylkFi9dZAVAAAApB+LCAAAAAAAAP9tjTEOwjAQBC9BFLSUPOIipHSIitZKwwtMYowd686xHZyKF/E1/kAgEhVbrHa2mecL1jHAkYNGq6g3FFuD3o16Xpg59FfHGS1fsGWK7BQ2KjfcqdOCDScFS4oSVgI2ilrH0ZBOsBVW3mXlJOnqnML8HQSUphvgAYWYzUmG9IUpwO42dpHp5/krgMknKOv9p2r/BqxpGi2+AAAA[0m[Pipeline] echo
Cleaning up...
[8mha:////4N3BDjuDOBgrNrKeC73Ka9Z+I4tSb9EsRH883a8zyOwPAAAApB+LCAAAAAAAAP9tjTEOwjAQBC9BFLSUPOIiJKgQVVrLDS8wsTFOrDtjOyQVL+Jr/IFAJCq2WO1sM88XLFOEI0eLraHOUWocBt/baeHAsbt4HrDlMzZMib1BaQbJ2tQzSs4G5hQlLASsDDWekyObYS1adVeVV2SrU47TdxBQOn2DBxRiMmcV8xfGCJtrrxPTz/NXAGPIUO62n9qHN+1YATS+AAAA[0m[Pipeline] sh
+ rm -rf /var/jenkins_home/workspace/shop
Error when executing always post condition:
Also:   org.jenkinsci.plugins.workflow.actions.ErrorAction$ErrorId: e13545b2-7871-4a7c-9b2c-68a2cab1278e
hudson.AbortException: missing workspace /var/jenkins_home/workspace/shop on 
	at org.jenkinsci.plugins.workflow.steps.durable_task.DurableTaskStep$Execution.getWorkspace(DurableTaskStep.java:399)
	at org.jenkinsci.plugins.workflow.steps.durable_task.DurableTaskStep$Execution.check(DurableTaskStep.java:572)
	at org.jenkinsci.plugins.workflow.steps.durable_task.DurableTaskStep$Execution.run(DurableTaskStep.java:555)
	at java.base/java.util.concurrent.Executors$RunnableAdapter.call(Unknown Source)
	at java.base/java.util.concurrent.FutureTask.run(Unknown Source)
	at java.base/java.util.concurrent.ScheduledThreadPoolExecutor$ScheduledFutureTask.run(Unknown Source)
	at java.base/java.util.concurrent.ThreadPoolExecutor.runWorker(Unknown Source)
	at java.base/java.util.concurrent.ThreadPoolExecutor$Worker.run(Unknown Source)
	at java.base/java.lang.Thread.run(Unknown Source)

[8mha:////4ELxC2kdbpP2Zjq+GlUss9zDXJ6wCuyxYq3YaLEtl5VPAAAApR+LCAAAAAAAAP9tjTEOwjAQBC9BFLSUPOIiJESDqNJabniBiY1xYt0Z2yGpeBFf4w8EIlGxxWpnm3m+YJkiHDlabA11jlLjMPjeTgsHjt3F84Atn7FhSuwNSjNI1qaeUXI2MKcoYSFgZajxnBzZDGvRqruqvCJbnXKcvoOA0ukbPKAQkzmrmL8wRthce52Yfp6/AhhDyFDu9p/avgHQr/uYvgAAAA==[0m[Pipeline] }
[8mha:////4PKjxT22aptoPMNPxXwq+jjppFm0XnPemjHoAuZhk51IAAAApR+LCAAAAAAAAP9tjTEOwjAQBC9BFLSUPOJCgUSBqNJabniBiY1xYt0Z2yGpeBFf4w8EIlGxxWpnm3m+YJkiHDlabA11jlLjMPjeTgsHjt3F84Atn7FhSuwNSjNI1qaeUXI2MKcoYSFgZajxnBzZDGvRqruqvCJbnXKcvoOA0ukbPKAQkzmrmL8wRthce52Yfp6/AhhDyFDu9p/avgHjTKAkvgAAAA==[0m[Pipeline] // stage
[8mha:////4FTb9mtQRV/ifSm4Ne1zIzkSewDcDnLLqqfO+ZZHvXAcAAAApB+LCAAAAAAAAP9tjTEOwjAQBDdBFLSUPMJpEEJCVLRWGl5gEmOcWHfBvpBUvIiv8QciIlGx1c4083pjmSKOHJ1qLLWeUuVVF3o3PTVwbK+BB9XwRVVMiYNVpR1Kru1pxpLFYl6WY6GxslQFTp6cYK0b8zBFMOSKs8TJHTRyX9/xRKanspgoXxgjNre+Tky/zt8Axq4T5Nu9INt9ANuQ9ly9AAAA[0m[Pipeline] }
[8mha:////4CdbOVfVLB9LhoRl3mj0nSzNTflnQW+luVRzshgSlnwkAAAAox+LCAAAAAAAAP9tjTEOwjAQBDdBFLSUPMJpoECIitZKwwtMYowT6y7YF5KKF/E1/kBEJCq22plmXm8sU8SRo1ONpdZTqrzqQu+mpwaO7TXwoBq+qIopcbCqtEPJtT3NWLJYzMtyLDRWlqrAyZMTrHVjHqYIhlxxlji5g0bu6zueyPRUFhPlC2PE5tbXienX+RvA2HWCfLsXZLsP0eif+L0AAAA=[0m[Pipeline] // withEnv
[8mha:////4Gut4Iz0VCH95q9A8g/XirG6uSQTZkNX8JqZs7LQ1QYPAAAAox+LCAAAAAAAAP9tjTESgjAQRT84FraWHiJYaOVY2WZoPEGEGAOZXUwWofJEXs07yMiMlb/67zXv9cYyRRw5OtVYaj2lyqsu9G56auDYXgMPquGLqpgSB6tKO5Rc29OMJYvFvCzHQmNlqQqcPDnBWjfmYYpgyBVniZM7aOS+vuOJTE9lMVG+MEZsbn2dmH6dvwGMXSfI91tBtvsAk2nUSb0AAAA=[0m[Pipeline] }
[8mha:////4J1n6aoda7P4AlcO1rVMqherBiFGTXdOgJjqZyid8UAcAAAAox+LCAAAAAAAAP9tjTEOwjAQBDdBFLSUPMIRQlSIitZKwwtMYowT6y7YF5KKF/E1/kBEJCq22plmXm8sU8SRo1ONpdZTqrzqQu+mpwaO7TXwoBq+qIopcbCqtEPJtT3NWLJYzMtyLDRWlqrAyZMTrHVjHqYIhlxxlji5g0bu6zueyPRUFhPlC2PE5tbXienX+RvA2HWCfL8VZLsPgNXQ6r0AAAA=[0m[Pipeline] // node
[8mha:////4F40bVOY6m7CS9kmxQdruy0/1aU22mM3oNkQzhFbPpPiAAAAox+LCAAAAAAAAP9tjbEOgjAURS8YB1dHP6IkJE7GybVh8Qsq1Fpo3sP2IUx+kb/mP0gkcfJO95zlvN5Yp4gjR6daS52nVHvVh8HNT40cu2vgUbV8UTVT4mBVZceKG3tasGKxWJblWGlsLNWBkycn2OrWPEwRDLniLHF2B43cN3c8kem5LCbKF6aI3W1oEtOv8zeAqe8F+b4UZOUHxp932r0AAAA=[0m[Pipeline] End of Pipeline
ERROR: script returned exit code 5
Finished: FAILURE
